Starting Dynare (version 6.1).
Calling Dynare with arguments: none
Starting preprocessing of the model file ...
Found 4 equation(s).
Evaluating expressions...
Computing static model derivatives (order 1).
Normalizing the static model...
Finding the optimal block decomposition of the static model...
3 block(s) found:
  2 recursive block(s) and 1 simultaneous block(s).
  the largest simultaneous block has 2 equation(s)
                                 and 2 feedback variable(s).
Computing dynamic model derivatives (order 1).
Normalizing the dynamic model...
Finding the optimal block decomposition of the dynamic model...
3 block(s) found:
  2 recursive block(s) and 1 simultaneous block(s).
  the largest simultaneous block has 2 equation(s)
                                 and 2 feedback variable(s).
Preprocessing completed.
Preprocessing time: 0h00m02s.

STEADY-STATE RESULTS:

y 		 1.10371
k 		 3.34457
a 		 0
c 		 0.835782

MODEL SUMMARY

  Number of variables:         4
  Number of stochastic shocks: 1
  Number of state variables:   2
  Number of jumpers:           2
  Number of static variables:  1


MATRIX OF COVARIANCE OF EXOGENOUS SHOCKS
Variables           e
e            0.000100

POLICY AND TRANSITION FUNCTIONS
                                   y               k               a               c
Constant                    1.103709        3.344571               0        0.835782
k(-1)                       0.330000        0.974256               0        0.440543
a(-1)                       0.950000        0.072913        0.950000        0.345784
e                           1.000000        0.076751        1.000000        0.363983


THEORETICAL MOMENTS
VARIABLE         MEAN  STD. DEV.   VARIANCE
y              1.1037     0.0450     0.0020
k              3.3446     0.0554     0.0031
a              0.0000     0.0320     0.0010
c              0.8358     0.0325     0.0011



MATRIX OF CORRELATIONS
Variables         y       k       a       c
y            1.0000  0.8304  0.9421  0.9470
k            0.8304  1.0000  0.5954  0.9654
a            0.9421  0.5954  1.0000  0.7844
c            0.9470  0.9654  0.7844  1.0000



COEFFICIENTS OF AUTOCORRELATION
Order          1       2       3       4       5
y         0.9750  0.9506  0.9267  0.9035  0.8808
k         0.9993  0.9974  0.9944  0.9903  0.9852
a         0.9500  0.9025  0.8574  0.8145  0.7738
c         0.9936  0.9864  0.9784  0.9698  0.9606
Total computing time : 0h00m12s
